Using pre-set license
Built from '2020.3/release' branch; Version is '2020.3.12f1 (b3b2c6512326) revision 11776710'; Using compiler version '192528614'; Build Type 'Release'
OS: 'Windows 10 Pro; OS build 26100.4351; Version 2009; 64bit' Language: 'es' Physical Memory: 15779 MB
BatchMode: 1, IsHumanControllingUs: 0, StartBugReporterOnCrash: 0, Is64bit: 1, IsPro: 0

 COMMAND LINE ARGUMENTS:
C:\Program Files\Unity\Hub\Editor\2020.3.12f1\Editor\Unity.exe
-adb2
-batchMode
-noUpm
-name
AssetImportWorker0
-projectPath
C:/Users/Yesid/Desktop/SuperMarioBros_Unity-main
-logFile
Logs/AssetImportWorker0.log
-srvPort
55685
Successfully changed project path to: C:/Users/Yesid/Desktop/SuperMarioBros_Unity-main
C:/Users/Yesid/Desktop/SuperMarioBros_Unity-main
Using Asset Import Pipeline V2.
Refreshing native plugins compatible for Editor in 44.41 ms, found 2 plugins.
Preloading 0 native plugins for Editor in 0.00 ms.
Initialize engine version: 2020.3.12f1 (b3b2c6512326)
[Subsystems] Discovering subsystems at path C:/Program Files/Unity/Hub/Editor/2020.3.12f1/Editor/Data/Resources/UnitySubsystems
[Subsystems] Discovering subsystems at path C:/Users/Yesid/Desktop/SuperMarioBros_Unity-main/Assets
GfxDevice: creating device client; threaded=0
Direct3D:
    Version:  Direct3D 11.0 [level 11.1]
    Renderer: NVIDIA GeForce RTX 3060 (ID=0x2504)
    Vendor:   
    VRAM:     12115 MB
    Driver:   32.0.15.9621
Initialize mono
Mono path[0] = 'C:/Program Files/Unity/Hub/Editor/2020.3.12f1/Editor/Data/Managed'
Mono path[1] = 'C:/Program Files/Unity/Hub/Editor/2020.3.12f1/Editor/Data/MonoBleedingEdge/lib/mono/unityjit'
Mono config path = 'C:/Program Files/Unity/Hub/Editor/2020.3.12f1/Editor/Data/MonoBleedingEdge/etc'
Using monoOptions --debugger-agent=transport=dt_socket,embedding=1,server=y,suspend=n,address=127.0.0.1:56908
Begin MonoManager ReloadAssembly
Registering precompiled unity dll's ...
Register platform support module: C:/Program Files/Unity/Hub/Editor/2020.3.12f1/Editor/Data/PlaybackEngines/WindowsStandaloneSupport/UnityEditor.WindowsStandalone.Extensions.dll
Registered in 0.001520 seconds.
Native extension for WindowsStandalone target not found
Refreshing native plugins compatible for Editor in 41.56 ms, found 2 plugins.
Preloading 0 native plugins for Editor in 0.00 ms.
Mono: successfully reloaded assembly
- Completed reload, in  0.769 seconds
Platform modules already initialized, skipping
Registering precompiled user dll's ...
Registered in 0.003695 seconds.
Begin MonoManager ReloadAssembly
Native extension for WindowsStandalone target not found
Refreshing native plugins compatible for Editor in 40.12 ms, found 2 plugins.
Preloading 0 native plugins for Editor in 0.00 ms.
Mono: successfully reloaded assembly
- Completed reload, in  1.006 seconds
Platform modules already initialized, skipping
========================================================================
Worker process is ready to serve import requests
Launched and connected shader compiler UnityShaderCompiler.exe after 0.03 seconds
Refreshing native plugins compatible for Editor in 0.56 ms, found 2 plugins.
Preloading 0 native plugins for Editor in 0.00 ms.
Unloading 2328 Unused Serialized files (Serialized files now loaded: 0)
System memory in use before: 101.9 MB.
System memory in use after: 102.1 MB.

Unloading 26 unused Assets to reduce memory usage. Loaded Objects now: 2763.
Total: 2.905600 ms (FindLiveObjects: 0.211000 ms CreateObjectMapping: 0.065900 ms MarkObjects: 2.562800 ms  DeleteObjects: 0.064900 ms)

AssetImportParameters requested are different than current active one (requested -> active):
  custom:framework-win-MediaFoundation: 216162199b28c13a410421893ffa2e32 -> 
  custom:video-decoder-ogg-theora: a1e56fd34408186e4bbccfd4996cb3dc -> 
  custom:container-muxer-webm: aa71ff27fc2769a1b78a27578f13a17b -> 
  custom:container-demuxer-webm: 4f35f7cbe854078d1ac9338744f61a02 -> 
  custom:container-demuxer-ogg: 62fdf1f143b41e24485cea50d1cbac27 -> 
  custom:video-encoder-webm-vp8: eb34c28f22e8b96e1ab97ce403110664 -> 
  custom:video-codec-MediaFoundation-h265: 746d11721c4dcdbdad8f713fa42b33f4 -> 
  custom:video-decoder-webm-vp8: 9c59270c3fd7afecdb556c50c9e8de78 -> 
  custom:audio-decoder-ogg-vorbis: bf7c407c2cedff20999df2af8eb42d56 -> 
  custom:audio-encoder-webm-vorbis: bf7c407c2cedff20999df2af8eb42d56 -> 
========================================================================
Received Import Request.
  path: Assets/Scenes/Overworld 1-1.unity
  artifactKey: Guid(0726374b7c760b54db62242075b9e7c6) Importer(815301076,1909f56bfc062723c751e8b465ee728b)
Start importing Assets/Scenes/Overworld 1-1.unity using Guid(0726374b7c760b54db62242075b9e7c6) Importer(815301076,1909f56bfc062723c751e8b465ee728b)  -> (artifact id: '0e1c77b30a330969ed93d9ebe76bab9a') in 0.019839 seconds 
  Import took 0.023103 seconds .

========================================================================
Received Import Request.
  Time since last request: 0.000218 seconds.
  path: Assets/Scenes/SampleScene.unity
  artifactKey: Guid(2cda990e2423bbf4892e6590ba056729) Importer(815301076,1909f56bfc062723c751e8b465ee728b)
Start importing Assets/Scenes/SampleScene.unity using Guid(2cda990e2423bbf4892e6590ba056729) Importer(815301076,1909f56bfc062723c751e8b465ee728b)  -> (artifact id: '9f8108ff76d752a4f3737f2baaec8378') in 0.008639 seconds 
  Import took 0.011643 seconds .

========================================================================
Received Prepare
Registering precompiled user dll's ...
Registered in 0.005149 seconds.
Begin MonoManager ReloadAssembly
Native extension for WindowsStandalone target not found
Refreshing native plugins compatible for Editor in 0.64 ms, found 2 plugins.
Preloading 0 native plugins for Editor in 0.00 ms.
Mono: successfully reloaded assembly
- Completed reload, in  1.200 seconds
Platform modules already initialized, skipping
Refreshing native plugins compatible for Editor in 0.82 ms, found 2 plugins.
Preloading 0 native plugins for Editor in 0.00 ms.
Unloading 2280 Unused Serialized files (Serialized files now loaded: 0)
System memory in use before: 98.0 MB.
System memory in use after: 98.2 MB.

Unloading 15 unused Assets to reduce memory usage. Loaded Objects now: 2765.
Total: 3.086800 ms (FindLiveObjects: 0.240800 ms CreateObjectMapping: 0.061900 ms MarkObjects: 2.763900 ms  DeleteObjects: 0.019400 ms)

AssetImportParameters requested are different than current active one (requested -> active):
  custom:framework-win-MediaFoundation: 216162199b28c13a410421893ffa2e32 -> 
  custom:video-decoder-ogg-theora: a1e56fd34408186e4bbccfd4996cb3dc -> 
  custom:container-muxer-webm: aa71ff27fc2769a1b78a27578f13a17b -> 
  custom:container-demuxer-webm: 4f35f7cbe854078d1ac9338744f61a02 -> 
  custom:container-demuxer-ogg: 62fdf1f143b41e24485cea50d1cbac27 -> 
  custom:video-encoder-webm-vp8: eb34c28f22e8b96e1ab97ce403110664 -> 
  custom:video-codec-MediaFoundation-h265: 746d11721c4dcdbdad8f713fa42b33f4 -> 
  custom:video-decoder-webm-vp8: 9c59270c3fd7afecdb556c50c9e8de78 -> 
  custom:audio-decoder-ogg-vorbis: bf7c407c2cedff20999df2af8eb42d56 -> 
  custom:audio-encoder-webm-vorbis: bf7c407c2cedff20999df2af8eb42d56 -> 
========================================================================
Received Prepare
Registering precompiled user dll's ...
Registered in 0.004890 seconds.
Begin MonoManager ReloadAssembly
Native extension for WindowsStandalone target not found
Refreshing native plugins compatible for Editor in 0.63 ms, found 2 plugins.
Preloading 0 native plugins for Editor in 0.00 ms.
Mono: successfully reloaded assembly
- Completed reload, in  1.120 seconds
Platform modules already initialized, skipping
Refreshing native plugins compatible for Editor in 0.58 ms, found 2 plugins.
Preloading 0 native plugins for Editor in 0.00 ms.
Unloading 2280 Unused Serialized files (Serialized files now loaded: 0)
System memory in use before: 98.1 MB.
System memory in use after: 98.3 MB.

Unloading 15 unused Assets to reduce memory usage. Loaded Objects now: 2767.
Total: 3.300900 ms (FindLiveObjects: 0.211800 ms CreateObjectMapping: 0.099700 ms MarkObjects: 2.966100 ms  DeleteObjects: 0.022400 ms)

AssetImportParameters requested are different than current active one (requested -> active):
  custom:framework-win-MediaFoundation: 216162199b28c13a410421893ffa2e32 -> 
  custom:video-decoder-ogg-theora: a1e56fd34408186e4bbccfd4996cb3dc -> 
  custom:container-muxer-webm: aa71ff27fc2769a1b78a27578f13a17b -> 
  custom:container-demuxer-webm: 4f35f7cbe854078d1ac9338744f61a02 -> 
  custom:container-demuxer-ogg: 62fdf1f143b41e24485cea50d1cbac27 -> 
  custom:video-encoder-webm-vp8: eb34c28f22e8b96e1ab97ce403110664 -> 
  custom:video-codec-MediaFoundation-h265: 746d11721c4dcdbdad8f713fa42b33f4 -> 
  custom:video-decoder-webm-vp8: 9c59270c3fd7afecdb556c50c9e8de78 -> 
  custom:audio-decoder-ogg-vorbis: bf7c407c2cedff20999df2af8eb42d56 -> 
  custom:audio-encoder-webm-vorbis: bf7c407c2cedff20999df2af8eb42d56 -> 
========================================================================
Received Prepare
Registering precompiled user dll's ...
Registered in 0.004665 seconds.
Begin MonoManager ReloadAssembly
Native extension for WindowsStandalone target not found
Refreshing native plugins compatible for Editor in 0.63 ms, found 2 plugins.
Preloading 0 native plugins for Editor in 0.00 ms.
Mono: successfully reloaded assembly
- Completed reload, in  1.190 seconds
Platform modules already initialized, skipping
Refreshing native plugins compatible for Editor in 0.70 ms, found 2 plugins.
Preloading 0 native plugins for Editor in 0.00 ms.
Unloading 2280 Unused Serialized files (Serialized files now loaded: 0)
System memory in use before: 98.1 MB.
System memory in use after: 98.3 MB.

Unloading 15 unused Assets to reduce memory usage. Loaded Objects now: 2769.
Total: 3.554600 ms (FindLiveObjects: 0.250300 ms CreateObjectMapping: 0.117300 ms MarkObjects: 3.167200 ms  DeleteObjects: 0.018800 ms)

AssetImportParameters requested are different than current active one (requested -> active):
  custom:framework-win-MediaFoundation: 216162199b28c13a410421893ffa2e32 -> 
  custom:video-decoder-ogg-theora: a1e56fd34408186e4bbccfd4996cb3dc -> 
  custom:container-muxer-webm: aa71ff27fc2769a1b78a27578f13a17b -> 
  custom:container-demuxer-webm: 4f35f7cbe854078d1ac9338744f61a02 -> 
  custom:container-demuxer-ogg: 62fdf1f143b41e24485cea50d1cbac27 -> 
  custom:video-encoder-webm-vp8: eb34c28f22e8b96e1ab97ce403110664 -> 
  custom:video-codec-MediaFoundation-h265: 746d11721c4dcdbdad8f713fa42b33f4 -> 
  custom:video-decoder-webm-vp8: 9c59270c3fd7afecdb556c50c9e8de78 -> 
  custom:audio-decoder-ogg-vorbis: bf7c407c2cedff20999df2af8eb42d56 -> 
  custom:audio-encoder-webm-vorbis: bf7c407c2cedff20999df2af8eb42d56 -> 
========================================================================
Received Prepare
Registering precompiled user dll's ...
Registered in 0.003945 seconds.
Begin MonoManager ReloadAssembly
Native extension for WindowsStandalone target not found
Refreshing native plugins compatible for Editor in 0.57 ms, found 2 plugins.
Preloading 0 native plugins for Editor in 0.00 ms.
Mono: successfully reloaded assembly
- Completed reload, in  0.979 seconds
Platform modules already initialized, skipping
Refreshing native plugins compatible for Editor in 0.61 ms, found 2 plugins.
Preloading 0 native plugins for Editor in 0.00 ms.
Unloading 2280 Unused Serialized files (Serialized files now loaded: 0)
System memory in use before: 98.1 MB.
System memory in use after: 98.3 MB.

Unloading 15 unused Assets to reduce memory usage. Loaded Objects now: 2771.
Total: 4.186700 ms (FindLiveObjects: 0.335900 ms CreateObjectMapping: 0.080100 ms MarkObjects: 3.737400 ms  DeleteObjects: 0.032300 ms)

AssetImportParameters requested are different than current active one (requested -> active):
  custom:framework-win-MediaFoundation: 216162199b28c13a410421893ffa2e32 -> 
  custom:video-decoder-ogg-theora: a1e56fd34408186e4bbccfd4996cb3dc -> 
  custom:container-muxer-webm: aa71ff27fc2769a1b78a27578f13a17b -> 
  custom:container-demuxer-webm: 4f35f7cbe854078d1ac9338744f61a02 -> 
  custom:container-demuxer-ogg: 62fdf1f143b41e24485cea50d1cbac27 -> 
  custom:video-encoder-webm-vp8: eb34c28f22e8b96e1ab97ce403110664 -> 
  custom:video-codec-MediaFoundation-h265: 746d11721c4dcdbdad8f713fa42b33f4 -> 
  custom:video-decoder-webm-vp8: 9c59270c3fd7afecdb556c50c9e8de78 -> 
  custom:audio-decoder-ogg-vorbis: bf7c407c2cedff20999df2af8eb42d56 -> 
  custom:audio-encoder-webm-vorbis: bf7c407c2cedff20999df2af8eb42d56 -> 
========================================================================
Received Prepare
Registering precompiled user dll's ...
Registered in 0.005667 seconds.
Begin MonoManager ReloadAssembly
Native extension for WindowsStandalone target not found
Refreshing native plugins compatible for Editor in 0.58 ms, found 2 plugins.
Preloading 0 native plugins for Editor in 0.00 ms.
Mono: successfully reloaded assembly
- Completed reload, in  0.926 seconds
Platform modules already initialized, skipping
Refreshing native plugins compatible for Editor in 0.59 ms, found 2 plugins.
Preloading 0 native plugins for Editor in 0.00 ms.
Unloading 2280 Unused Serialized files (Serialized files now loaded: 0)
System memory in use before: 98.0 MB.
System memory in use after: 98.2 MB.

Unloading 15 unused Assets to reduce memory usage. Loaded Objects now: 2773.
Total: 2.768600 ms (FindLiveObjects: 0.203900 ms CreateObjectMapping: 0.052800 ms MarkObjects: 2.485800 ms  DeleteObjects: 0.025200 ms)

AssetImportParameters requested are different than current active one (requested -> active):
  custom:framework-win-MediaFoundation: 216162199b28c13a410421893ffa2e32 -> 
  custom:video-decoder-ogg-theora: a1e56fd34408186e4bbccfd4996cb3dc -> 
  custom:container-muxer-webm: aa71ff27fc2769a1b78a27578f13a17b -> 
  custom:container-demuxer-webm: 4f35f7cbe854078d1ac9338744f61a02 -> 
  custom:container-demuxer-ogg: 62fdf1f143b41e24485cea50d1cbac27 -> 
  custom:video-encoder-webm-vp8: eb34c28f22e8b96e1ab97ce403110664 -> 
  custom:video-codec-MediaFoundation-h265: 746d11721c4dcdbdad8f713fa42b33f4 -> 
  custom:video-decoder-webm-vp8: 9c59270c3fd7afecdb556c50c9e8de78 -> 
  custom:audio-decoder-ogg-vorbis: bf7c407c2cedff20999df2af8eb42d56 -> 
  custom:audio-encoder-webm-vorbis: bf7c407c2cedff20999df2af8eb42d56 -> 
========================================================================
Received Import Request.
  Time since last request: 1226.171669 seconds.
  path: Assets/Scripts/Gameplay
  artifactKey: Guid(0bba7187774c442d68b0d24091d186a8) Importer(815301076,1909f56bfc062723c751e8b465ee728b)
Start importing Assets/Scripts/Gameplay using Guid(0bba7187774c442d68b0d24091d186a8) Importer(815301076,1909f56bfc062723c751e8b465ee728b)  -> (artifact id: '15ce641e6473cdeb5a4cdbc4bccd8548') in 0.011794 seconds 
  Import took 0.015164 seconds .

========================================================================
Received Import Request.
  Time since last request: 26.616868 seconds.
  path: Assets/Tiles/cloud.asset
  artifactKey: Guid(216e1d3fb32f7bc48a7a754adcfca76f) Importer(815301076,1909f56bfc062723c751e8b465ee728b)
Start importing Assets/Tiles/cloud.asset using Guid(216e1d3fb32f7bc48a7a754adcfca76f) Importer(815301076,1909f56bfc062723c751e8b465ee728b)  -> (artifact id: '07966830e5365dad33ddd15e088b46c9') in 0.084397 seconds 
  Import took 0.087830 seconds .

========================================================================
Received Import Request.
  Time since last request: 0.000193 seconds.
  path: Assets/Tiles/plant.asset
  artifactKey: Guid(ca038d30e63673a458203d4a31573d95) Importer(815301076,1909f56bfc062723c751e8b465ee728b)
Start importing Assets/Tiles/plant.asset using Guid(ca038d30e63673a458203d4a31573d95) Importer(815301076,1909f56bfc062723c751e8b465ee728b)  -> (artifact id: 'a49538a888f5c9dd628c144f556a0a62') in 0.012244 seconds 
  Import took 0.015191 seconds .

========================================================================
Received Import Request.
  Time since last request: 0.000221 seconds.
  path: Assets/Tiles/TileGround.asset
  artifactKey: Guid(346d40452471dc54ba12d6c7e67a1920) Importer(815301076,1909f56bfc062723c751e8b465ee728b)
Start importing Assets/Tiles/TileGround.asset using Guid(346d40452471dc54ba12d6c7e67a1920) Importer(815301076,1909f56bfc062723c751e8b465ee728b)  -> (artifact id: '85c5f28138c62bae0e83f0184efa7504') in 0.016579 seconds 
  Import took 0.019805 seconds .

========================================================================
Received Import Request.
  Time since last request: 0.000218 seconds.
  path: Assets/Tiles/tree.asset
  artifactKey: Guid(425a6ca6169e0e14ba0dd745b3d35cb2) Importer(815301076,1909f56bfc062723c751e8b465ee728b)
Start importing Assets/Tiles/tree.asset using Guid(425a6ca6169e0e14ba0dd745b3d35cb2) Importer(815301076,1909f56bfc062723c751e8b465ee728b)  -> (artifact id: 'dac41a1b321908455f699a5ddc316644') in 0.013147 seconds 
  Import took 0.016251 seconds .

========================================================================
Received Import Request.
  Time since last request: 0.000193 seconds.
  path: Assets/Tiles/mountains.asset
  artifactKey: Guid(17d8f745a300ff948ac10cceb364a2dc) Importer(815301076,1909f56bfc062723c751e8b465ee728b)
Start importing Assets/Tiles/mountains.asset using Guid(17d8f745a300ff948ac10cceb364a2dc) Importer(815301076,1909f56bfc062723c751e8b465ee728b)  -> (artifact id: '4f1f5d48dcd5da8c419257eacbdaa8d0') in 0.018697 seconds 
  Import took 0.021888 seconds .

========================================================================
Received Import Request.
  Time since last request: 0.000181 seconds.
  path: Assets/Tiles/TileGroundTop.asset
  artifactKey: Guid(00c0f6fa8d57f7949864cfd4ba00f858) Importer(815301076,1909f56bfc062723c751e8b465ee728b)
Start importing Assets/Tiles/TileGroundTop.asset using Guid(00c0f6fa8d57f7949864cfd4ba00f858) Importer(815301076,1909f56bfc062723c751e8b465ee728b)  -> (artifact id: 'ba0a7251298e3c38a0e6bfbb22d1b343') in 0.010843 seconds 
  Import took 0.013617 seconds .

========================================================================
Received Import Request.
  Time since last request: 0.000210 seconds.
  path: Assets/Tiles/TileFloatingLeftEdge.asset
  artifactKey: Guid(8ffc15ca897ef94428428a26ead7bd6d) Importer(815301076,1909f56bfc062723c751e8b465ee728b)
Start importing Assets/Tiles/TileFloatingLeftEdge.asset using Guid(8ffc15ca897ef94428428a26ead7bd6d) Importer(815301076,1909f56bfc062723c751e8b465ee728b)  -> (artifact id: '01eb1ce3953408fac90da47c48e7fea7') in 0.011678 seconds 
  Import took 0.014829 seconds .

========================================================================
Received Import Request.
  Time since last request: 0.000206 seconds.
  path: Assets/Tiles/fence.asset
  artifactKey: Guid(bb5d933e6627d374c8b68f8c7c95d5c4) Importer(815301076,1909f56bfc062723c751e8b465ee728b)
Start importing Assets/Tiles/fence.asset using Guid(bb5d933e6627d374c8b68f8c7c95d5c4) Importer(815301076,1909f56bfc062723c751e8b465ee728b)  -> (artifact id: 'a3c8b5432428b5cddba585b64f46c652') in 0.029300 seconds 
  Import took 0.032337 seconds .

========================================================================
Received Import Request.
  Time since last request: 0.000221 seconds.
  path: Assets/Tiles/TallBuilding.asset
  artifactKey: Guid(49ad221d69f75804d98336ca8956e57e) Importer(815301076,1909f56bfc062723c751e8b465ee728b)
Start importing Assets/Tiles/TallBuilding.asset using Guid(49ad221d69f75804d98336ca8956e57e) Importer(815301076,1909f56bfc062723c751e8b465ee728b)  -> (artifact id: '0faff08c88c3f9de5f82806523184a71') in 0.013433 seconds 
  Import took 0.016473 seconds .

========================================================================
Received Import Request.
  Time since last request: 0.000236 seconds.
  path: Assets/Tiles/MidgroundFiller.asset
  artifactKey: Guid(8187bea14c4d7c849b76ae65d8bd9782) Importer(815301076,1909f56bfc062723c751e8b465ee728b)
Start importing Assets/Tiles/MidgroundFiller.asset using Guid(8187bea14c4d7c849b76ae65d8bd9782) Importer(815301076,1909f56bfc062723c751e8b465ee728b)  -> (artifact id: '48bf9645f12cfa8da6b0c80b14e0a6f2') in 0.011320 seconds 
  Import took 0.014469 seconds .

========================================================================
Received Import Request.
  Time since last request: 0.000186 seconds.
  path: Assets/Tiles/TileFloatingRightEdge.asset
  artifactKey: Guid(ad89c8596ddf81949990df9a40c0168a) Importer(815301076,1909f56bfc062723c751e8b465ee728b)
Start importing Assets/Tiles/TileFloatingRightEdge.asset using Guid(ad89c8596ddf81949990df9a40c0168a) Importer(815301076,1909f56bfc062723c751e8b465ee728b)  -> (artifact id: 'e9405feba2014b8f554b99782226ed5a') in 0.011829 seconds 
  Import took 0.014808 seconds .

========================================================================
Received Import Request.
  Time since last request: 0.000191 seconds.
  path: Assets/Tiles/TileGroundDark.asset
  artifactKey: Guid(81d566c374d6f93469d3badfddb41f87) Importer(815301076,1909f56bfc062723c751e8b465ee728b)
Start importing Assets/Tiles/TileGroundDark.asset using Guid(81d566c374d6f93469d3badfddb41f87) Importer(815301076,1909f56bfc062723c751e8b465ee728b)  -> (artifact id: 'eb1f4ee5e17acbf1bf6fb2739948af83') in 0.015915 seconds 
  Import took 0.019050 seconds .

========================================================================
Received Import Request.
  Time since last request: 0.000212 seconds.
  path: Assets/Tiles/midground.asset
  artifactKey: Guid(5b1ed690790872f45abca6cc98ea40b3) Importer(815301076,1909f56bfc062723c751e8b465ee728b)
Start importing Assets/Tiles/midground.asset using Guid(5b1ed690790872f45abca6cc98ea40b3) Importer(815301076,1909f56bfc062723c751e8b465ee728b)  -> (artifact id: '2a2ed4647b09c2d027c28ed6efc0ed97') in 0.018441 seconds 
  Import took 0.021516 seconds .

========================================================================
Received Import Request.
  Time since last request: 0.000193 seconds.
  path: Assets/Tiles/ShortBuilding.asset
  artifactKey: Guid(102dda6d7e3be4644bea1fdfea2d37d4) Importer(815301076,1909f56bfc062723c751e8b465ee728b)
Start importing Assets/Tiles/ShortBuilding.asset using Guid(102dda6d7e3be4644bea1fdfea2d37d4) Importer(815301076,1909f56bfc062723c751e8b465ee728b)  -> (artifact id: '60a4b839d79b3c5d80e0780b265ac00f') in 0.012068 seconds 
  Import took 0.014902 seconds .

========================================================================
Received Import Request.
  Time since last request: 0.000199 seconds.
  path: Assets/Tiles/house.asset
  artifactKey: Guid(68c5f18a4f480364ea8365252912ecee) Importer(815301076,1909f56bfc062723c751e8b465ee728b)
Start importing Assets/Tiles/house.asset using Guid(68c5f18a4f480364ea8365252912ecee) Importer(815301076,1909f56bfc062723c751e8b465ee728b)  -> (artifact id: '571a19b4b5f59774c338fb50853b906c') in 0.012612 seconds 
  Import took 0.015856 seconds .

========================================================================
Received Import Request.
  Time since last request: 0.000197 seconds.
  path: Assets/Tiles/hillside.asset
  artifactKey: Guid(7ce6d6745a4a31040b413bb8d4f7f6e7) Importer(815301076,1909f56bfc062723c751e8b465ee728b)
Start importing Assets/Tiles/hillside.asset using Guid(7ce6d6745a4a31040b413bb8d4f7f6e7) Importer(815301076,1909f56bfc062723c751e8b465ee728b)  -> (artifact id: '031f3202fb93c96e95b4e714229301df') in 0.011005 seconds 
  Import took 0.014158 seconds .

========================================================================
Received Import Request.
  Time since last request: 0.000217 seconds.
  path: Assets/Tiles/TileFloatingTileMiddle.asset
  artifactKey: Guid(fcbf1d913bd6d0a448fa221caa416d43) Importer(815301076,1909f56bfc062723c751e8b465ee728b)
Start importing Assets/Tiles/TileFloatingTileMiddle.asset using Guid(fcbf1d913bd6d0a448fa221caa416d43) Importer(815301076,1909f56bfc062723c751e8b465ee728b)  -> (artifact id: '2fcdfe98a2e8c23d037a45f3e7823190') in 0.011232 seconds 
  Import took 0.014385 seconds .

========================================================================
Received Import Request.
  Time since last request: 16.666929 seconds.
  path: Assets/TextMesh Pro/Sprites
  artifactKey: Guid(d0603b6d5186471b96c778c3949c7ce2) Importer(815301076,1909f56bfc062723c751e8b465ee728b)
Start importing Assets/TextMesh Pro/Sprites using Guid(d0603b6d5186471b96c778c3949c7ce2) Importer(815301076,1909f56bfc062723c751e8b465ee728b)  -> (artifact id: 'c825b4ecabc52a724fdd8944d5209777') in 0.008521 seconds 
  Import took 0.011810 seconds .

========================================================================
Received Import Request.
  Time since last request: 0.000234 seconds.
  path: Assets/TextMesh Pro/Sprites
  artifactKey: Guid(d0603b6d5186471b96c778c3949c7ce2) Importer(815301076,1909f56bfc062723c751e8b465ee728b)
Start importing Assets/TextMesh Pro/Sprites using Guid(d0603b6d5186471b96c778c3949c7ce2) Importer(815301076,1909f56bfc062723c751e8b465ee728b)  -> (artifact id: 'c825b4ecabc52a724fdd8944d5209777') in 0.002288 seconds 
  Import took 0.005485 seconds .

========================================================================
Received Import Request.
  Time since last request: 0.035356 seconds.
  path: Assets/TextMesh Pro/Sprites/EmojiOne.png
  artifactKey: Guid(dffef66376be4fa480fb02b19edbe903) Importer(815301076,1909f56bfc062723c751e8b465ee728b)
Start importing Assets/TextMesh Pro/Sprites/EmojiOne.png using Guid(dffef66376be4fa480fb02b19edbe903) Importer(815301076,1909f56bfc062723c751e8b465ee728b)  -> (artifact id: '78dc8513107c28526beba175351c3d89') in 0.046477 seconds 
  Import took 0.049863 seconds .

========================================================================
Received Prepare
Registering precompiled user dll's ...
Registered in 0.003707 seconds.
Begin MonoManager ReloadAssembly
Native extension for WindowsStandalone target not found
Refreshing native plugins compatible for Editor in 0.61 ms, found 2 plugins.
Preloading 0 native plugins for Editor in 0.00 ms.
Mono: successfully reloaded assembly
- Completed reload, in  0.880 seconds
Platform modules already initialized, skipping
Refreshing native plugins compatible for Editor in 0.57 ms, found 2 plugins.
Preloading 0 native plugins for Editor in 0.00 ms.
Unloading 2280 Unused Serialized files (Serialized files now loaded: 0)
System memory in use before: 101.1 MB.
System memory in use after: 101.3 MB.

Unloading 15 unused Assets to reduce memory usage. Loaded Objects now: 2793.
Total: 2.593300 ms (FindLiveObjects: 0.194900 ms CreateObjectMapping: 0.061500 ms MarkObjects: 2.319900 ms  DeleteObjects: 0.015800 ms)

AssetImportParameters requested are different than current active one (requested -> active):
  custom:framework-win-MediaFoundation: 216162199b28c13a410421893ffa2e32 -> 
  custom:video-decoder-ogg-theora: a1e56fd34408186e4bbccfd4996cb3dc -> 
  custom:container-muxer-webm: aa71ff27fc2769a1b78a27578f13a17b -> 
  custom:container-demuxer-webm: 4f35f7cbe854078d1ac9338744f61a02 -> 
  custom:container-demuxer-ogg: 62fdf1f143b41e24485cea50d1cbac27 -> 
  custom:video-encoder-webm-vp8: eb34c28f22e8b96e1ab97ce403110664 -> 
  custom:video-codec-MediaFoundation-h265: 746d11721c4dcdbdad8f713fa42b33f4 -> 
  custom:video-decoder-webm-vp8: 9c59270c3fd7afecdb556c50c9e8de78 -> 
  custom:audio-decoder-ogg-vorbis: bf7c407c2cedff20999df2af8eb42d56 -> 
  custom:audio-encoder-webm-vorbis: bf7c407c2cedff20999df2af8eb42d56 -> 
========================================================================
Received Import Request.
  Time since last request: 11.463854 seconds.
  path: Assets/Fonts/PixelEmulator-xq08.ttf
  artifactKey: Guid(31eac4cb222c4a44f93535ff7d009171) Importer(815301076,1909f56bfc062723c751e8b465ee728b)
Start importing Assets/Fonts/PixelEmulator-xq08.ttf using Guid(31eac4cb222c4a44f93535ff7d009171) Importer(815301076,1909f56bfc062723c751e8b465ee728b)  -> (artifact id: '0833e54e8c483a3f7859cea87b1850b7') in 0.061529 seconds 
  Import took 0.065159 seconds .

========================================================================
Received Import Request.
  Time since last request: 0.000213 seconds.
  path: Assets/Fonts/SuperPlumberBrothers-y00V.ttf
  artifactKey: Guid(8f834ad3ca39d134bb36d0147344c752) Importer(815301076,1909f56bfc062723c751e8b465ee728b)
Start importing Assets/Fonts/SuperPlumberBrothers-y00V.ttf using Guid(8f834ad3ca39d134bb36d0147344c752) Importer(815301076,1909f56bfc062723c751e8b465ee728b)  -> (artifact id: 'dd722fe2e694f0fffb2186abfaf066a7') in 0.015974 seconds 
  Import took 0.018901 seconds .

========================================================================
Received Import Request.
  Time since last request: 5.223105 seconds.
  path: Assets/Environment/Sprites
  artifactKey: Guid(fbcc101ac651c4c1b97591f8c99f9f6d) Importer(815301076,1909f56bfc062723c751e8b465ee728b)
Start importing Assets/Environment/Sprites using Guid(fbcc101ac651c4c1b97591f8c99f9f6d) Importer(815301076,1909f56bfc062723c751e8b465ee728b)  -> (artifact id: 'ffe8c70ee9ba91da3aa49166b7a16f13') in 0.002568 seconds 
  Import took 0.005921 seconds .

========================================================================
Received Import Request.
  Time since last request: 0.000712 seconds.
  path: Assets/Environment/Sprites
  artifactKey: Guid(fbcc101ac651c4c1b97591f8c99f9f6d) Importer(815301076,1909f56bfc062723c751e8b465ee728b)
Start importing Assets/Environment/Sprites using Guid(fbcc101ac651c4c1b97591f8c99f9f6d) Importer(815301076,1909f56bfc062723c751e8b465ee728b)  -> (artifact id: 'ffe8c70ee9ba91da3aa49166b7a16f13') in 0.002250 seconds 
  Import took 0.005403 seconds .

========================================================================
Received Import Request.
  Time since last request: 0.055896 seconds.
  path: Assets/Environment/Sprites/cloud.png
  artifactKey: Guid(510116f768c743e41b41ed30a8bdbc29) Importer(815301076,1909f56bfc062723c751e8b465ee728b)
Start importing Assets/Environment/Sprites/cloud.png using Guid(510116f768c743e41b41ed30a8bdbc29) Importer(815301076,1909f56bfc062723c751e8b465ee728b)  -> (artifact id: '701a280b7fb034e105a48208d03fde92') in 0.019906 seconds 
  Import took 0.023401 seconds .

========================================================================
Received Import Request.
  Time since last request: 0.000199 seconds.
  path: Assets/Environment/Sprites/NES - Super Mario Bros - Items Objects and NPCs.png
  artifactKey: Guid(67a78d6f53a0b8249a09e1a8965d5e82) Importer(815301076,1909f56bfc062723c751e8b465ee728b)
Start importing Assets/Environment/Sprites/NES - Super Mario Bros - Items Objects and NPCs.png using Guid(67a78d6f53a0b8249a09e1a8965d5e82) Importer(815301076,1909f56bfc062723c751e8b465ee728b)  -> (artifact id: '818a7bf4d1ea36dcedc48ea1c4a6a629') in 0.365481 seconds 
  Import took 0.369832 seconds .

========================================================================
Received Import Request.
  Time since last request: 0.000211 seconds.
  path: Assets/Environment/Sprites/TileFloatingLeftEdge.png
  artifactKey: Guid(cbb2fe4d69e24da4db5d9340b9a78b41) Importer(815301076,1909f56bfc062723c751e8b465ee728b)
Start importing Assets/Environment/Sprites/TileFloatingLeftEdge.png using Guid(cbb2fe4d69e24da4db5d9340b9a78b41) Importer(815301076,1909f56bfc062723c751e8b465ee728b)  -> (artifact id: '349a15c1471ff82e23863bd3dbb79f90') in 0.014013 seconds 
  Import took 0.017081 seconds .

========================================================================
Received Import Request.
  Time since last request: 0.000232 seconds.
  path: Assets/Environment/Sprites/NES - Super Mario Bros - Mario & Luigi.png
  artifactKey: Guid(d83e1fd4f80edeb45a7e4e516c10002d) Importer(815301076,1909f56bfc062723c751e8b465ee728b)
Start importing Assets/Environment/Sprites/NES - Super Mario Bros - Mario & Luigi.png using Guid(d83e1fd4f80edeb45a7e4e516c10002d) Importer(815301076,1909f56bfc062723c751e8b465ee728b)  -> (artifact id: 'f126eb82a7058f0837ebc521feb97389') in 0.017804 seconds 
  Import took 0.021073 seconds .

========================================================================
Received Import Request.
  Time since last request: 0.000238 seconds.
  path: Assets/Environment/Sprites/overworld tilemap.png
  artifactKey: Guid(ee49beb32a4960b46a17690dee4f8abb) Importer(815301076,1909f56bfc062723c751e8b465ee728b)
Start importing Assets/Environment/Sprites/overworld tilemap.png using Guid(ee49beb32a4960b46a17690dee4f8abb) Importer(815301076,1909f56bfc062723c751e8b465ee728b)  -> (artifact id: '73c3e2d2053c15b6c55d961277f9c8e9') in 0.112898 seconds 
  Import took 0.116191 seconds .

========================================================================
Received Import Request.
  Time since last request: 0.000199 seconds.
  path: Assets/Environment/Sprites/NES - Super Mario Bros - Tileset.png
  artifactKey: Guid(395356259c914d44d9831ce20c2d1742) Importer(815301076,1909f56bfc062723c751e8b465ee728b)
Start importing Assets/Environment/Sprites/NES - Super Mario Bros - Tileset.png using Guid(395356259c914d44d9831ce20c2d1742) Importer(815301076,1909f56bfc062723c751e8b465ee728b)  -> (artifact id: 'f5c9c47b8f6b882203e683ce37c0eb64') in 0.015477 seconds 
  Import took 0.018565 seconds .

========================================================================
Received Import Request.
  Time since last request: 0.000218 seconds.
  path: Assets/Environment/Sprites/NES - Super Mario Bros - Title Screen.png
  artifactKey: Guid(81b73e447fca2dd439787d16a4c8b6f4) Importer(815301076,1909f56bfc062723c751e8b465ee728b)
Start importing Assets/Environment/Sprites/NES - Super Mario Bros - Title Screen.png using Guid(81b73e447fca2dd439787d16a4c8b6f4) Importer(815301076,1909f56bfc062723c751e8b465ee728b)  -> (artifact id: 'bc8bca67e8e27b8adb799584b765035b') in 0.015069 seconds 
  Import took 0.018263 seconds .

========================================================================
Received Import Request.
  Time since last request: 0.000196 seconds.
  path: Assets/Environment/Sprites/MidgroundFiller.png
  artifactKey: Guid(5bfb66baa66fb8249850422e5c04049c) Importer(815301076,1909f56bfc062723c751e8b465ee728b)
Start importing Assets/Environment/Sprites/MidgroundFiller.png using Guid(5bfb66baa66fb8249850422e5c04049c) Importer(815301076,1909f56bfc062723c751e8b465ee728b)  -> (artifact id: '002b8073f0b90ebe1988f7f7301399ef') in 0.012412 seconds 
  Import took 0.015249 seconds .

========================================================================
Received Import Request.
  Time since last request: 0.000196 seconds.
  path: Assets/Environment/Sprites/ShortBuilding.png
  artifactKey: Guid(d6bb3a4076992b34899422ed2833ca78) Importer(815301076,1909f56bfc062723c751e8b465ee728b)
Start importing Assets/Environment/Sprites/ShortBuilding.png using Guid(d6bb3a4076992b34899422ed2833ca78) Importer(815301076,1909f56bfc062723c751e8b465ee728b)  -> (artifact id: '756c6489a6576a2e7c83b3b9e4c89f6c') in 0.013127 seconds 
  Import took 0.016222 seconds .

========================================================================
Received Import Request.
  Time since last request: 0.000197 seconds.
  path: Assets/Environment/Sprites/TileGroundDark.png
  artifactKey: Guid(822726e40d7799b499000f517f3fdf25) Importer(815301076,1909f56bfc062723c751e8b465ee728b)
Start importing Assets/Environment/Sprites/TileGroundDark.png using Guid(822726e40d7799b499000f517f3fdf25) Importer(815301076,1909f56bfc062723c751e8b465ee728b)  -> (artifact id: 'd4d40e0f2ad2d315083f88a2362e1146') in 0.012412 seconds 
  Import took 0.015682 seconds .

========================================================================
Received Import Request.
  Time since last request: 0.000182 seconds.
  path: Assets/Environment/Sprites/TileGroundTop.png
  artifactKey: Guid(74123a47f787b014e9cc87c75ed7460a) Importer(815301076,1909f56bfc062723c751e8b465ee728b)
Start importing Assets/Environment/Sprites/TileGroundTop.png using Guid(74123a47f787b014e9cc87c75ed7460a) Importer(815301076,1909f56bfc062723c751e8b465ee728b)  -> (artifact id: '1c5da9dd0e729f8252d9ae0a11ffc8bd') in 0.012247 seconds 
  Import took 0.015553 seconds .

========================================================================
Received Import Request.
  Time since last request: 0.000220 seconds.
  path: Assets/Environment/Sprites/undergound overworld.png
  artifactKey: Guid(9f239faa5d218b74e8d2dffc4d89dd14) Importer(815301076,1909f56bfc062723c751e8b465ee728b)
Start importing Assets/Environment/Sprites/undergound overworld.png using Guid(9f239faa5d218b74e8d2dffc4d89dd14) Importer(815301076,1909f56bfc062723c751e8b465ee728b)  -> (artifact id: 'a772ecbb553eb9847580ec9a8286f87d') in 0.121608 seconds 
  Import took 0.125314 seconds .

========================================================================
Received Import Request.
  Time since last request: 0.000200 seconds.
  path: Assets/Environment/Sprites/NES - Super Mario Bros - Enemies & Bosses.png
  artifactKey: Guid(c41c01e702fa1a340836f08e25a292a9) Importer(815301076,1909f56bfc062723c751e8b465ee728b)
Start importing Assets/Environment/Sprites/NES - Super Mario Bros - Enemies & Bosses.png using Guid(c41c01e702fa1a340836f08e25a292a9) Importer(815301076,1909f56bfc062723c751e8b465ee728b)  -> (artifact id: 'd32501b2d30c8540060a02255f26dc3a') in 0.014620 seconds 
  Import took 0.017462 seconds .

========================================================================
Received Import Request.
  Time since last request: 0.000209 seconds.
  path: Assets/Environment/Sprites/TileFloatingRightEdge.png
  artifactKey: Guid(3e2b02880f6f91b43a412e910b8943a4) Importer(815301076,1909f56bfc062723c751e8b465ee728b)
Start importing Assets/Environment/Sprites/TileFloatingRightEdge.png using Guid(3e2b02880f6f91b43a412e910b8943a4) Importer(815301076,1909f56bfc062723c751e8b465ee728b)  -> (artifact id: 'b096fe606ac847f7f1be745e91f1a147') in 0.013689 seconds 
  Import took 0.017053 seconds .

========================================================================
Received Import Request.
  Time since last request: 0.000201 seconds.
  path: Assets/Environment/Sprites/TallBuilding.png
  artifactKey: Guid(fc837eb64bd35a64dbff20cd45295fab) Importer(815301076,1909f56bfc062723c751e8b465ee728b)
Start importing Assets/Environment/Sprites/TallBuilding.png using Guid(fc837eb64bd35a64dbff20cd45295fab) Importer(815301076,1909f56bfc062723c751e8b465ee728b)  -> (artifact id: '781bf2dc64536e111497bfefee789457') in 0.017355 seconds 
  Import took 0.020597 seconds .

========================================================================
Received Import Request.
  Time since last request: 0.000185 seconds.
  path: Assets/Environment/Sprites/mountains.png
  artifactKey: Guid(ae15cd3a7745ebf48a7b644b11834130) Importer(815301076,1909f56bfc062723c751e8b465ee728b)
Start importing Assets/Environment/Sprites/mountains.png using Guid(ae15cd3a7745ebf48a7b644b11834130) Importer(815301076,1909f56bfc062723c751e8b465ee728b)  -> (artifact id: '188faca29afc61ce1625400344563316') in 0.012612 seconds 
  Import took 0.015708 seconds .

========================================================================
Received Import Request.
  Time since last request: 0.000230 seconds.
  path: Assets/Environment/Sprites/hillside.png
  artifactKey: Guid(6484ca7da7c3c4b4f81cadedb9b18e9b) Importer(815301076,1909f56bfc062723c751e8b465ee728b)
Start importing Assets/Environment/Sprites/hillside.png using Guid(6484ca7da7c3c4b4f81cadedb9b18e9b) Importer(815301076,1909f56bfc062723c751e8b465ee728b)  -> (artifact id: '7b449cbef9ce4cb967b0e5c8c5989b03') in 0.012080 seconds 
  Import took 0.015528 seconds .

========================================================================
Received Import Request.
  Time since last request: 0.000178 seconds.
  path: Assets/Environment/Sprites/NES - Super Mario Bros - Item and Brick Blocks.png
  artifactKey: Guid(ea2ee2e2f51fceb43b307f19403bcb23) Importer(815301076,1909f56bfc062723c751e8b465ee728b)
Start importing Assets/Environment/Sprites/NES - Super Mario Bros - Item and Brick Blocks.png using Guid(ea2ee2e2f51fceb43b307f19403bcb23) Importer(815301076,1909f56bfc062723c751e8b465ee728b)  -> (artifact id: '3328ec52110128a617433757780e8554') in 0.016142 seconds 
  Import took 0.019323 seconds .

========================================================================
Received Import Request.
  Time since last request: 0.000183 seconds.
  path: Assets/Environment/Sprites/NES - Super Mario Bros - World 1-1.png
  artifactKey: Guid(128421d50d97dab41800d0227df973e6) Importer(815301076,1909f56bfc062723c751e8b465ee728b)
Start importing Assets/Environment/Sprites/NES - Super Mario Bros - World 1-1.png using Guid(128421d50d97dab41800d0227df973e6) Importer(815301076,1909f56bfc062723c751e8b465ee728b)  -> (artifact id: '745a8b36fc724d608d59632ab384f1a2') in 0.022459 seconds 
  Import took 0.025268 seconds .

========================================================================
Received Import Request.
  Time since last request: 0.000218 seconds.
  path: Assets/Environment/Sprites/tree.png
  artifactKey: Guid(0297adc2e728da242a0e78df10d9b8b8) Importer(815301076,1909f56bfc062723c751e8b465ee728b)
Start importing Assets/Environment/Sprites/tree.png using Guid(0297adc2e728da242a0e78df10d9b8b8) Importer(815301076,1909f56bfc062723c751e8b465ee728b)  -> (artifact id: '45fff4382fe54ccb1dbc0d546078b433') in 0.016256 seconds 
  Import took 0.019380 seconds .

========================================================================
Received Import Request.
  Time since last request: 0.000208 seconds.
  path: Assets/Environment/Sprites/NES - Super Mario Bros - Title Screen Game Over Screens and HUD.png
  artifactKey: Guid(9d00659743dd2e742b5df8f5a08cf688) Importer(815301076,1909f56bfc062723c751e8b465ee728b)
Start importing Assets/Environment/Sprites/NES - Super Mario Bros - Title Screen Game Over Screens and HUD.png using Guid(9d00659743dd2e742b5df8f5a08cf688) Importer(815301076,1909f56bfc062723c751e8b465ee728b)  -> (artifact id: 'e8163e86459fa7265a84114b4f6cc2c8') in 0.013735 seconds 
  Import took 0.016587 seconds .

========================================================================
Received Import Request.
  Time since last request: 0.000212 seconds.
  path: Assets/Environment/Sprites/TileFloatingMiddle.png
  artifactKey: Guid(4b59a07770b3607408af06862bbf6de6) Importer(815301076,1909f56bfc062723c751e8b465ee728b)
Start importing Assets/Environment/Sprites/TileFloatingMiddle.png using Guid(4b59a07770b3607408af06862bbf6de6) Importer(815301076,1909f56bfc062723c751e8b465ee728b)  -> (artifact id: '49222f082a1ce8279e04052463e03e7d') in 0.012737 seconds 
  Import took 0.015804 seconds .

========================================================================
Received Import Request.
  Time since last request: 0.000199 seconds.
  path: Assets/Environment/Sprites/TileGround.png
  artifactKey: Guid(4ab30a6b78053f440ad8969d54c83d95) Importer(815301076,1909f56bfc062723c751e8b465ee728b)
Start importing Assets/Environment/Sprites/TileGround.png using Guid(4ab30a6b78053f440ad8969d54c83d95) Importer(815301076,1909f56bfc062723c751e8b465ee728b)  -> (artifact id: 'bca8230ce34a3c27b20ca154ca4caef8') in 0.011679 seconds 
  Import took 0.014767 seconds .

========================================================================
Received Import Request.
  Time since last request: 0.000199 seconds.
  path: Assets/Environment/Sprites/plant.png
  artifactKey: Guid(31100c1a6774a964a9f5502cff2fb6c2) Importer(815301076,1909f56bfc062723c751e8b465ee728b)
Start importing Assets/Environment/Sprites/plant.png using Guid(31100c1a6774a964a9f5502cff2fb6c2) Importer(815301076,1909f56bfc062723c751e8b465ee728b)  -> (artifact id: '069442add138df5fc7337e246646f029') in 0.014288 seconds 
  Import took 0.017654 seconds .

========================================================================
Received Import Request.
  Time since last request: 0.000213 seconds.
  path: Assets/Environment/Sprites/midground.png
  artifactKey: Guid(ae2c8da0a2b52a94693061615670c2aa) Importer(815301076,1909f56bfc062723c751e8b465ee728b)
Start importing Assets/Environment/Sprites/midground.png using Guid(ae2c8da0a2b52a94693061615670c2aa) Importer(815301076,1909f56bfc062723c751e8b465ee728b)  -> (artifact id: '3c45103f059823b9dbbed8382624afe9') in 0.013741 seconds 
  Import took 0.017027 seconds .

========================================================================
Received Import Request.
  Time since last request: 0.000225 seconds.
  path: Assets/Environment/Sprites/house.png
  artifactKey: Guid(94e3ad24efa41394381384e2f14d15a2) Importer(815301076,1909f56bfc062723c751e8b465ee728b)
Start importing Assets/Environment/Sprites/house.png using Guid(94e3ad24efa41394381384e2f14d15a2) Importer(815301076,1909f56bfc062723c751e8b465ee728b)  -> (artifact id: '46569f18f1efa9bec8a572c42a3e3f31') in 0.014415 seconds 
  Import took 0.018196 seconds .

========================================================================
Received Import Request.
  Time since last request: 0.000204 seconds.
  path: Assets/Environment/Sprites/fence.png
  artifactKey: Guid(5923f7e825e7cd44f9ae0017f0f1f139) Importer(815301076,1909f56bfc062723c751e8b465ee728b)
Start importing Assets/Environment/Sprites/fence.png using Guid(5923f7e825e7cd44f9ae0017f0f1f139) Importer(815301076,1909f56bfc062723c751e8b465ee728b)  -> (artifact id: '6dec81ac31ab0d6b107dbeabfa700c2d') in 0.015305 seconds 
  Import took 0.018518 seconds .

AssetImportWorkerClient::OnTransportError - code=2 error=End of file
